0 info it worked if it ends with ok
1 verbose cli [ 'node', '/Users/joe/.nvm/v0.10.36/bin/npm', 'install' ]
2 info using npm@2.5.0
3 info using node@v0.10.36
4 verbose install where, deps [ '/Users/joe/src/event-calendar',
4 verbose install   [ 'moment',
4 verbose install     'polymer',
4 verbose install     'core-icon-button',
4 verbose install     'core-pages',
4 verbose install     'paper-dialog',
4 verbose install     'grunt',
4 verbose install     'grunt-cli',
4 verbose install     'grunt-contrib-connect',
4 verbose install     'grunt-gh-pages',
4 verbose install     'grunt-text-replace',
4 verbose install     'web-component-tester' ] ]
5 verbose install where, peers [ '/Users/joe/src/event-calendar', [] ]
6 info preinstall event-calendar@0.1.6
7 silly cache add args [ 'paper-dialog@git+https://github.com/Polymer/paper-dialog',
7 silly cache add   null ]
8 verbose cache add spec paper-dialog@git+https://github.com/Polymer/paper-dialog
9 verbose already installed skipping grunt@~0.4.1 /Users/joe/src/event-calendar
10 verbose already installed skipping grunt-cli@~0.1.9 /Users/joe/src/event-calendar
11 verbose already installed skipping grunt-contrib-connect@~0.9.0 /Users/joe/src/event-calendar
12 verbose already installed skipping grunt-gh-pages@~0.9.1 /Users/joe/src/event-calendar
13 verbose already installed skipping grunt-text-replace@~0.4.0 /Users/joe/src/event-calendar
14 silly cache add parsed spec { raw: 'paper-dialog@git+https://github.com/Polymer/paper-dialog',
14 silly cache add   scope: null,
14 silly cache add   name: 'paper-dialog',
14 silly cache add   rawSpec: 'git+https://github.com/Polymer/paper-dialog',
14 silly cache add   spec: 'https://github.com/Polymer/paper-dialog',
14 silly cache add   type: 'git' }
15 verbose addRemoteGit u="https://github.com/Polymer/paper-dialog" silent=false
16 silly addRemoteGit normalized { url: 'https://github.com/Polymer/paper-dialog',
16 silly addRemoteGit   branch: 'master' }
17 silly addRemoteGit v https-github-com-Polymer-paper-dialog-230a58ae
18 verbose addRemoteGit /Users/joe/.npm/_git-remotes/https-github-com-Polymer-paper-dialog-230a58ae not in flight; cloning
19 verbose already installed skipping web-component-tester@~2.2.0 /Users/joe/src/event-calendar
20 info git [ 'clone',
20 info git   '--template=/Users/joe/.npm/_git-remotes/_templates',
20 info git   '--mirror',
20 info git   'https://github.com/Polymer/paper-dialog',
20 info git   '/Users/joe/.npm/_git-remotes/https-github-com-Polymer-paper-dialog-230a58ae' ]
21 silly cache add args [ 'moment@~2.9.0', null ]
22 verbose cache add spec moment@~2.9.0
23 silly cache add parsed spec { raw: 'moment@~2.9.0',
23 silly cache add   scope: null,
23 silly cache add   name: 'moment',
23 silly cache add   rawSpec: '~2.9.0',
23 silly cache add   spec: '>=2.9.0 <2.10.0',
23 silly cache add   type: 'range' }
24 verbose addNamed moment@>=2.9.0 <2.10.0
25 silly addNamed semver.valid null
26 silly addNamed semver.validRange >=2.9.0 <2.10.0
27 silly addNameRange { name: 'moment', range: '>=2.9.0 <2.10.0', hasData: false }
28 silly mapToRegistry name moment
29 silly mapToRegistry using default registry
30 silly mapToRegistry registry https://registry.npmjs.org/
31 silly mapToRegistry uri https://registry.npmjs.org/moment
32 verbose addNameRange registry:https://registry.npmjs.org/moment not in flight; fetching
33 silly cache add args [ 'polymer@git+https://github.com/Polymer/polymer', null ]
34 verbose cache add spec polymer@git+https://github.com/Polymer/polymer
35 silly cache add args [ 'core-icon-button@git+https://github.com/Polymer/core-icon-button',
35 silly cache add   null ]
36 verbose cache add spec core-icon-button@git+https://github.com/Polymer/core-icon-button
37 silly cache add args [ 'core-pages@git+https://github.com/Polymer/core-pages', null ]
38 verbose cache add spec core-pages@git+https://github.com/Polymer/core-pages
39 verbose request uri https://registry.npmjs.org/moment
40 verbose request no auth needed
41 info attempt registry request try #1 at 11:43:18
42 verbose request id 24eec9f7be569e47
43 http request GET https://registry.npmjs.org/moment
44 silly cache add parsed spec { raw: 'polymer@git+https://github.com/Polymer/polymer',
44 silly cache add   scope: null,
44 silly cache add   name: 'polymer',
44 silly cache add   rawSpec: 'git+https://github.com/Polymer/polymer',
44 silly cache add   spec: 'https://github.com/Polymer/polymer',
44 silly cache add   type: 'git' }
45 verbose addRemoteGit u="https://github.com/Polymer/polymer" silent=false
46 silly addRemoteGit normalized { url: 'https://github.com/Polymer/polymer', branch: 'master' }
47 silly addRemoteGit v https-github-com-Polymer-polymer-9158b874
48 verbose addRemoteGit /Users/joe/.npm/_git-remotes/https-github-com-Polymer-polymer-9158b874 not in flight; cloning
49 silly cache add parsed spec { raw: 'core-icon-button@git+https://github.com/Polymer/core-icon-button',
49 silly cache add   scope: null,
49 silly cache add   name: 'core-icon-button',
49 silly cache add   rawSpec: 'git+https://github.com/Polymer/core-icon-button',
49 silly cache add   spec: 'https://github.com/Polymer/core-icon-button',
49 silly cache add   type: 'git' }
50 verbose addRemoteGit u="https://github.com/Polymer/core-icon-button" silent=false
51 silly addRemoteGit normalized { url: 'https://github.com/Polymer/core-icon-button',
51 silly addRemoteGit   branch: 'master' }
52 silly addRemoteGit v https-github-com-Polymer-core-icon-button-5e6da2f7
53 verbose addRemoteGit /Users/joe/.npm/_git-remotes/https-github-com-Polymer-core-icon-button-5e6da2f7 not in flight; cloning
54 silly cache add parsed spec { raw: 'core-pages@git+https://github.com/Polymer/core-pages',
54 silly cache add   scope: null,
54 silly cache add   name: 'core-pages',
54 silly cache add   rawSpec: 'git+https://github.com/Polymer/core-pages',
54 silly cache add   spec: 'https://github.com/Polymer/core-pages',
54 silly cache add   type: 'git' }
55 verbose addRemoteGit u="https://github.com/Polymer/core-pages" silent=false
56 silly addRemoteGit normalized { url: 'https://github.com/Polymer/core-pages',
56 silly addRemoteGit   branch: 'master' }
57 silly addRemoteGit v https-github-com-Polymer-core-pages-2c0c12ff
58 verbose addRemoteGit /Users/joe/.npm/_git-remotes/https-github-com-Polymer-core-pages-2c0c12ff not in flight; cloning
59 info git [ 'clone',
59 info git   '--template=/Users/joe/.npm/_git-remotes/_templates',
59 info git   '--mirror',
59 info git   'https://github.com/Polymer/polymer',
59 info git   '/Users/joe/.npm/_git-remotes/https-github-com-Polymer-polymer-9158b874' ]
60 info git [ 'clone',
60 info git   '--template=/Users/joe/.npm/_git-remotes/_templates',
60 info git   '--mirror',
60 info git   'https://github.com/Polymer/core-icon-button',
60 info git   '/Users/joe/.npm/_git-remotes/https-github-com-Polymer-core-icon-button-5e6da2f7' ]
61 info git [ 'clone',
61 info git   '--template=/Users/joe/.npm/_git-remotes/_templates',
61 info git   '--mirror',
61 info git   'https://github.com/Polymer/core-pages',
61 info git   '/Users/joe/.npm/_git-remotes/https-github-com-Polymer-core-pages-2c0c12ff' ]
62 http 200 https://registry.npmjs.org/moment
63 silly get cb [ 200,
63 silly get   { date: 'Fri, 20 Feb 2015 16:43:18 GMT',
63 silly get     server: 'CouchDB/1.5.0 (Erlang OTP/R16B03)',
63 silly get     etag: '"BJA0DM3PG644ZTQ21PHTE9Q55"',
63 silly get     'content-type': 'application/json',
63 silly get     'cache-control': 'max-age=60',
63 silly get     'content-length': '53003',
63 silly get     'accept-ranges': 'bytes',
63 silly get     via: '1.1 varnish',
63 silly get     age: '32',
63 silly get     'x-served-by': 'cache-iad2138-IAD',
63 silly get     'x-cache': 'HIT',
63 silly get     'x-cache-hits': '1',
63 silly get     'x-timer': 'S1424450598.965623,VS0,VE0',
63 silly get     vary: 'Accept',
63 silly get     'keep-alive': 'timeout=10, max=50',
63 silly get     connection: 'Keep-Alive' } ]
64 verbose get saving moment to /Users/joe/.npm/registry.npmjs.org/moment/.cache.json
65 silly addNameRange number 2 { name: 'moment', range: '>=2.9.0 <2.10.0', hasData: true }
66 silly addNameRange versions [ 'moment',
66 silly addNameRange   [ '1.0.0',
66 silly addNameRange     '1.0.1',
66 silly addNameRange     '1.1.0',
66 silly addNameRange     '1.1.1',
66 silly addNameRange     '1.2.0',
66 silly addNameRange     '1.3.0',
66 silly addNameRange     '1.4.0',
66 silly addNameRange     '1.5.0',
66 silly addNameRange     '1.5.1',
66 silly addNameRange     '1.6.0',
66 silly addNameRange     '1.6.1',
66 silly addNameRange     '1.6.2',
66 silly addNameRange     '1.7.0',
66 silly addNameRange     '1.7.1',
66 silly addNameRange     '1.7.2',
66 silly addNameRange     '2.0.0',
66 silly addNameRange     '2.1.0',
66 silly addNameRange     '2.2.1',
66 silly addNameRange     '2.3.0',
66 silly addNameRange     '2.3.1',
66 silly addNameRange     '2.4.0',
66 silly addNameRange     '2.5.0',
66 silly addNameRange     '2.5.1',
66 silly addNameRange     '2.6.0',
66 silly addNameRange     '2.7.0',
66 silly addNameRange     '2.8.1',
66 silly addNameRange     '2.8.2',
66 silly addNameRange     '2.8.3',
66 silly addNameRange     '2.8.4',
66 silly addNameRange     '2.9.0' ] ]
67 verbose addNamed moment@2.9.0
68 silly addNamed semver.valid 2.9.0
69 silly addNamed semver.validRange 2.9.0
70 silly mapToRegistry name moment
71 silly mapToRegistry using default registry
72 silly mapToRegistry registry https://registry.npmjs.org/
73 silly mapToRegistry uri https://registry.npmjs.org/moment
74 verbose addRemoteTarball https://registry.npmjs.org/moment/-/moment-2.9.0.tgz not in flight; adding
75 verbose addRemoteTarball [ 'https://registry.npmjs.org/moment/-/moment-2.9.0.tgz',
75 verbose addRemoteTarball   '77ec1175fa294f42627f10c8e6de6302c036f6d5' ]
76 info retry fetch attempt 1 at 11:43:18
77 info attempt registry request try #1 at 11:43:18
78 http fetch GET https://registry.npmjs.org/moment/-/moment-2.9.0.tgz
79 http fetch 200 https://registry.npmjs.org/moment/-/moment-2.9.0.tgz
80 silly fetchAndShaCheck shasum 77ec1175fa294f42627f10c8e6de6302c036f6d5
81 verbose addTmpTarball /var/folders/4c/wx49qy1575dd7fcp6zg0lsmw0000gn/T/npm-7287-a8202943/registry.npmjs.org/moment/-/moment-2.9.0.tgz not in flight; adding
82 verbose addTmpTarball already have metadata; skipping unpack for moment@2.9.0
83 verbose git clone https://github.com/Polymer/paper-dialog Cloning into bare repository '/Users/joe/.npm/_git-remotes/https-github-com-Polymer-paper-dialog-230a58ae'...
84 info git [ 'fetch', '-a', 'origin' ]
85 silly cache afterAdd moment@2.9.0
86 verbose afterAdd /Users/joe/.npm/moment/2.9.0/package/package.json not in flight; writing
87 verbose afterAdd /Users/joe/.npm/moment/2.9.0/package/package.json written
88 verbose git clone https://github.com/Polymer/core-pages Cloning into bare repository '/Users/joe/.npm/_git-remotes/https-github-com-Polymer-core-pages-2c0c12ff'...
89 info git [ 'fetch', '-a', 'origin' ]
90 verbose git fetch -a origin (https://github.com/Polymer/paper-dialog)
91 info git [ 'rev-list', '-n1', 'master' ]
92 verbose git rev-list -n1 master 78e6164852cf4f992d6cdb98d426d33ea5f0cc24
93 verbose resolved git url git+https://github.com/Polymer/paper-dialog#78e6164852cf4f992d6cdb98d426d33ea5f0cc24
94 info git [ 'clone',
94 info git   '/Users/joe/.npm/_git-remotes/https-github-com-Polymer-paper-dialog-230a58ae',
94 info git   '/var/folders/4c/wx49qy1575dd7fcp6zg0lsmw0000gn/T/npm-7287-a8202943/git-cache-6231205e24fd/78e6164852cf4f992d6cdb98d426d33ea5f0cc24' ]
95 verbose git clone from /Users/joe/.npm/_git-remotes/https-github-com-Polymer-paper-dialog-230a58ae
96 verbose git clone Cloning into '/var/folders/4c/wx49qy1575dd7fcp6zg0lsmw0000gn/T/npm-7287-a8202943/git-cache-6231205e24fd/78e6164852cf4f992d6cdb98d426d33ea5f0cc24'...
96 verbose git clone done.
97 info git [ 'checkout', '78e6164852cf4f992d6cdb98d426d33ea5f0cc24' ]
98 verbose git checkout Note: checking out '78e6164852cf4f992d6cdb98d426d33ea5f0cc24'.
98 verbose git checkout
98 verbose git checkout You are in 'detached HEAD' state. You can look around, make experimental
98 verbose git checkout changes and commit them, and you can discard any commits you make in this
98 verbose git checkout state without impacting any branches by performing another checkout.
98 verbose git checkout
98 verbose git checkout If you want to create a new branch to retain commits you create, you may
98 verbose git checkout do so (now or later) by using -b with the checkout command again. Example:
98 verbose git checkout
98 verbose git checkout   git checkout -b new_branch_name
98 verbose git checkout
98 verbose git checkout HEAD is now at 78e6164... Merge pull request #51 from michaelpg/patch-1
99 error addLocal Could not install /var/folders/4c/wx49qy1575dd7fcp6zg0lsmw0000gn/T/npm-7287-a8202943/git-cache-6231205e24fd/78e6164852cf4f992d6cdb98d426d33ea5f0cc24
100 verbose git fetch -a origin (https://github.com/Polymer/core-pages)
101 info git [ 'rev-list', '-n1', 'master' ]
102 verbose git rev-list -n1 master f76766d9abc2fcca507c7394a11bccc726eef5ba
103 verbose resolved git url git+https://github.com/Polymer/core-pages#f76766d9abc2fcca507c7394a11bccc726eef5ba
104 info git [ 'clone',
104 info git   '/Users/joe/.npm/_git-remotes/https-github-com-Polymer-core-pages-2c0c12ff',
104 info git   '/var/folders/4c/wx49qy1575dd7fcp6zg0lsmw0000gn/T/npm-7287-a8202943/git-cache-244231f4147a/f76766d9abc2fcca507c7394a11bccc726eef5ba' ]
105 verbose git clone from /Users/joe/.npm/_git-remotes/https-github-com-Polymer-core-pages-2c0c12ff
106 verbose git clone Cloning into '/var/folders/4c/wx49qy1575dd7fcp6zg0lsmw0000gn/T/npm-7287-a8202943/git-cache-244231f4147a/f76766d9abc2fcca507c7394a11bccc726eef5ba'...
106 verbose git clone done.
107 info git [ 'checkout', 'f76766d9abc2fcca507c7394a11bccc726eef5ba' ]
108 verbose git checkout Note: checking out 'f76766d9abc2fcca507c7394a11bccc726eef5ba'.
108 verbose git checkout
108 verbose git checkout You are in 'detached HEAD' state. You can look around, make experimental
108 verbose git checkout changes and commit them, and you can discard any commits you make in this
108 verbose git checkout state without impacting any branches by performing another checkout.
108 verbose git checkout
108 verbose git checkout If you want to create a new branch to retain commits you create, you may
108 verbose git checkout do so (now or later) by using -b with the checkout command again. Example:
108 verbose git checkout
108 verbose git checkout   git checkout -b new_branch_name
108 verbose git checkout
108 verbose git checkout HEAD is now at f76766d... update to webcomponents.js
109 error addLocal Could not install /var/folders/4c/wx49qy1575dd7fcp6zg0lsmw0000gn/T/npm-7287-a8202943/git-cache-244231f4147a/f76766d9abc2fcca507c7394a11bccc726eef5ba
110 verbose git clone https://github.com/Polymer/core-icon-button Cloning into bare repository '/Users/joe/.npm/_git-remotes/https-github-com-Polymer-core-icon-button-5e6da2f7'...
111 info git [ 'fetch', '-a', 'origin' ]
112 verbose git fetch -a origin (https://github.com/Polymer/core-icon-button)
113 info git [ 'rev-list', '-n1', 'master' ]
114 verbose git rev-list -n1 master a483d028bb2aa72f9de46323bf0a36267bdcf8bf
115 verbose resolved git url git+https://github.com/Polymer/core-icon-button#a483d028bb2aa72f9de46323bf0a36267bdcf8bf
116 info git [ 'clone',
116 info git   '/Users/joe/.npm/_git-remotes/https-github-com-Polymer-core-icon-button-5e6da2f7',
116 info git   '/var/folders/4c/wx49qy1575dd7fcp6zg0lsmw0000gn/T/npm-7287-a8202943/git-cache-2caf8f8e9fa3/a483d028bb2aa72f9de46323bf0a36267bdcf8bf' ]
117 verbose git clone from /Users/joe/.npm/_git-remotes/https-github-com-Polymer-core-icon-button-5e6da2f7
118 verbose git clone Cloning into '/var/folders/4c/wx49qy1575dd7fcp6zg0lsmw0000gn/T/npm-7287-a8202943/git-cache-2caf8f8e9fa3/a483d028bb2aa72f9de46323bf0a36267bdcf8bf'...
118 verbose git clone done.
119 info git [ 'checkout', 'a483d028bb2aa72f9de46323bf0a36267bdcf8bf' ]
120 verbose git checkout Note: checking out 'a483d028bb2aa72f9de46323bf0a36267bdcf8bf'.
120 verbose git checkout
120 verbose git checkout You are in 'detached HEAD' state. You can look around, make experimental
120 verbose git checkout changes and commit them, and you can discard any commits you make in this
120 verbose git checkout state without impacting any branches by performing another checkout.
120 verbose git checkout
120 verbose git checkout If you want to create a new branch to retain commits you create, you may
120 verbose git checkout do so (now or later) by using -b with the checkout command again. Example:
120 verbose git checkout
120 verbose git checkout   git checkout -b new_branch_name
120 verbose git checkout
120 verbose git checkout HEAD is now at a483d02... update to webcomponents.js
121 error addLocal Could not install /var/folders/4c/wx49qy1575dd7fcp6zg0lsmw0000gn/T/npm-7287-a8202943/git-cache-2caf8f8e9fa3/a483d028bb2aa72f9de46323bf0a36267bdcf8bf
122 verbose git clone https://github.com/Polymer/polymer Cloning into bare repository '/Users/joe/.npm/_git-remotes/https-github-com-Polymer-polymer-9158b874'...
123 info git [ 'fetch', '-a', 'origin' ]
124 verbose git fetch -a origin (https://github.com/Polymer/polymer)
125 info git [ 'rev-list', '-n1', 'master' ]
126 verbose git rev-list -n1 master f53db3fe961a3094844ad46e70e3f721604b0a2b
127 verbose resolved git url git+https://github.com/Polymer/polymer#f53db3fe961a3094844ad46e70e3f721604b0a2b
128 info git [ 'clone',
128 info git   '/Users/joe/.npm/_git-remotes/https-github-com-Polymer-polymer-9158b874',
128 info git   '/var/folders/4c/wx49qy1575dd7fcp6zg0lsmw0000gn/T/npm-7287-a8202943/git-cache-41679cd4b665/f53db3fe961a3094844ad46e70e3f721604b0a2b' ]
129 verbose git clone from /Users/joe/.npm/_git-remotes/https-github-com-Polymer-polymer-9158b874
130 verbose git clone Cloning into '/var/folders/4c/wx49qy1575dd7fcp6zg0lsmw0000gn/T/npm-7287-a8202943/git-cache-41679cd4b665/f53db3fe961a3094844ad46e70e3f721604b0a2b'...
130 verbose git clone done.
131 info git [ 'checkout', 'f53db3fe961a3094844ad46e70e3f721604b0a2b' ]
132 verbose git checkout Note: checking out 'f53db3fe961a3094844ad46e70e3f721604b0a2b'.
132 verbose git checkout
132 verbose git checkout You are in 'detached HEAD' state. You can look around, make experimental
132 verbose git checkout changes and commit them, and you can discard any commits you make in this
132 verbose git checkout state without impacting any branches by performing another checkout.
132 verbose git checkout
132 verbose git checkout If you want to create a new branch to retain commits you create, you may
132 verbose git checkout do so (now or later) by using -b with the checkout command again. Example:
132 verbose git checkout
132 verbose git checkout   git checkout -b new_branch_name
132 verbose git checkout
132 verbose git checkout HEAD is now at f53db3f... prepare for 0.5.5 release
133 verbose addLocalDirectory /Users/joe/.npm/Polymer/0.5.5/package.tgz not in flight; packing
134 verbose tar pack [ '/Users/joe/.npm/Polymer/0.5.5/package.tgz',
134 verbose tar pack   '/var/folders/4c/wx49qy1575dd7fcp6zg0lsmw0000gn/T/npm-7287-a8202943/git-cache-41679cd4b665/f53db3fe961a3094844ad46e70e3f721604b0a2b' ]
135 verbose tarball /Users/joe/.npm/Polymer/0.5.5/package.tgz
136 verbose folder /var/folders/4c/wx49qy1575dd7fcp6zg0lsmw0000gn/T/npm-7287-a8202943/git-cache-41679cd4b665/f53db3fe961a3094844ad46e70e3f721604b0a2b
137 verbose addLocalTarball adding from inside cache /Users/joe/.npm/Polymer/0.5.5/package.tgz
138 silly cache afterAdd Polymer@0.5.5
139 verbose afterAdd /Users/joe/.npm/Polymer/0.5.5/package/package.json not in flight; writing
140 verbose afterAdd /Users/joe/.npm/Polymer/0.5.5/package/package.json written
141 verbose stack Error: EISDIR, read
142 verbose cwd /Users/joe/src/event-calendar
143 error Darwin 14.1.0
144 error argv "node" "/Users/joe/.nvm/v0.10.36/bin/npm" "install"
145 error node v0.10.36
146 error npm  v2.5.0
147 error code EISDIR
148 error errno 28
149 error EISDIR, read
150 error If you need help, you may report this error at:
150 error     <http://github.com/npm/npm/issues>
151 verbose exit [ 28, true ]
